# JRE version: Java(TM) SE Runtime Environment (24.0+36) (build 24+36-3646)
# Java VM: Java HotSpot(TM) 64-Bit Server VM (24+36-3646, mixed mode, sharing, tiered, compressed oops, compressed class ptrs, g1 gc, windows-amd64)
GC Precious Log:
 CardTable entry size: 512
 Card Set container configuration: InlinePtr #cards 5 size 8 Array Of Cards #cards 10 size 36 Howl #buckets 4 coarsen threshold 1843 Howl Bitmap #cards 512 size 80 coarsen threshold 460 Card regions per heap region 1 cards per card region 2048
 CPUs: 8 total, 8 available
 Memory: 5996M
 Large Page Support: Disabled
 NUMA Support: Disabled
 Compressed Oops: Enabled (32-bit)
 Heap Region Size: 1M
 Heap Min Capacity: 8M
 Heap Initial Capacity: 94M
 Heap Max Capacity: 1500M
 Pre-touch: Disabled
 Parallel Workers: 8
 Concurrent Workers: 2
 Concurrent Refinement Workers: 8
 Periodic GC: Disabled
Heap:
 garbage-first heap   total reserved 1536000K, committed 105472K, used 46960K [0x00000000a2400000, 0x0000000100000000)
  region size 1024K, 31 young (31744K), 3 survivors (3072K)
 Metaspace       used 19437K, committed 19776K, reserved 1114112K
  class space    used 1835K, committed 1984K, reserved 1048576K
GC Heap History (8 events):
Event: 2.654 GC heap before
{Heap before GC invocations=0 (full 0):
 garbage-first heap   total reserved 1536000K, committed 98304K, used 49268K [0x00000000a2400000, 0x0000000100000000)
  region size 1024K, 47 young (48128K), 0 survivors (0K)
 Metaspace       used 9127K, committed 9344K, reserved 1114112K
  class space    used 820K, committed 960K, reserved 1048576K
}
Event: 2.674 GC heap after
{Heap after GC invocations=1 (full 0):
 garbage-first heap   total reserved 1536000K, committed 98304K, used 6260K [0x00000000a2400000, 0x0000000100000000)
  region size 1024K, 5 young (5120K), 5 survivors (5120K)
 Metaspace       used 9127K, committed 9344K, reserved 1114112K
  class space    used 820K, committed 960K, reserved 1048576K
}
Event: 5.179 GC heap before
{Heap before GC invocations=1 (full 0):
 garbage-first heap   total reserved 1536000K, committed 98304K, used 48244K [0x00000000a2400000, 0x0000000100000000)
  region size 1024K, 46 young (47104K), 5 survivors (5120K)
 Metaspace       used 15110K, committed 15360K, reserved 1114112K
  class space    used 1486K, committed 1600K, reserved 1048576K
}
Event: 5.211 GC heap after
{Heap after GC invocations=2 (full 0):
 garbage-first heap   total reserved 1536000K, committed 98304K, used 10051K [0x00000000a2400000, 0x0000000100000000)
  region size 1024K, 5 young (5120K), 5 survivors (5120K)
 Metaspace       used 15110K, committed 15360K, reserved 1114112K
  class space    used 1486K, committed 1600K, reserved 1048576K
}
Event: 6.892 GC heap before
{Heap before GC invocations=2 (full 0):
 garbage-first heap   total reserved 1536000K, committed 98304K, used 57155K [0x00000000a2400000, 0x0000000100000000)
  region size 1024K, 51 young (52224K), 5 survivors (5120K)
 Metaspace       used 16052K, committed 16320K, reserved 1114112K
  class space    used 1556K, committed 1664K, reserved 1048576K
}
Event: 6.925 GC heap after
{Heap after GC invocations=3 (full 0):
 garbage-first heap   total reserved 1536000K, committed 98304K, used 15131K [0x00000000a2400000, 0x0000000100000000)
  region size 1024K, 5 young (5120K), 5 survivors (5120K)
 Metaspace       used 16052K, committed 16320K, reserved 1114112K
  class space    used 1556K, committed 1664K, reserved 1048576K
}
Event: 9.429 GC heap before
{Heap before GC invocations=3 (full 0):
 garbage-first heap   total reserved 1536000K, committed 98304K, used 97051K [0x00000000a2400000, 0x0000000100000000)
  region size 1024K, 53 young (54272K), 5 survivors (5120K)
 Metaspace       used 18298K, committed 18624K, reserved 1114112K
  class space    used 1738K, committed 1856K, reserved 1048576K
}
Event: 9.449 GC heap after
{Heap after GC invocations=4 (full 0):
 garbage-first heap   total reserved 1536000K, committed 105472K, used 17264K [0x00000000a2400000, 0x0000000100000000)
  region size 1024K, 3 young (3072K), 3 survivors (3072K)
 Metaspace       used 18298K, committed 18624K, reserved 1114112K
  class space    used 1738K, committed 1856K, reserved 1048576K
}

